# JRE version: Java(TM) SE Runtime Environment (8.0_131-b11) (build 1.8.0_131-b11)
# Java VM: Java HotSpot(TM) 64-Bit Server VM (25.131-b11 mixed mode windows-amd64 compressed oops)
Heap:
 PSYoungGen      total 1054720K, used 904027K [0x0000000717300000, 0x0000000799180000, 0x00000007c0000000)
  eden space 469504K, 100% used [0x0000000717300000,0x0000000733d80000,0x0000000733d80000)
  from space 585216K, 74% used [0x0000000733d80000,0x000000074e5d6f90,0x0000000757900000)
  to   space 785408K, 85% used [0x0000000769280000,0x0000000791f859a0,0x0000000799180000)
 ParOldGen       total 1907200K, used 1128165K [0x00000005c5800000, 0x0000000639e80000, 0x0000000717300000)
  object space 1907200K, 59% used [0x00000005c5800000,0x000000060a5b96c0,0x0000000639e80000)
 Metaspace       used 7879K, capacity 8140K, committed 8448K, reserved 1056768K
  class space    used 863K, capacity 966K, committed 1024K, reserved 1048576K
GC Heap History (10 events):
Event: 5.475 GC heap after
Heap after GC invocations=8 (full 2):
 PSYoungGen      total 708608K, used 219392K [0x0000000717300000, 0x0000000760100000, 0x00000007c0000000)
  eden space 429568K, 0% used [0x0000000717300000,0x0000000717300000,0x0000000731680000)
  from space 279040K, 78% used [0x0000000744300000,0x0000000751940000,0x0000000755380000)
  to   space 307712K, 0% used [0x0000000731680000,0x0000000731680000,0x0000000744300000)
 ParOldGen       total 1150464K, used 552754K [0x00000005c5800000, 0x000000060bb80000, 0x0000000717300000)
  object space 1150464K, 48% used [0x00000005c5800000,0x00000005e73cc9b0,0x000000060bb80000)
 Metaspace       used 7796K, capacity 8110K, committed 8192K, reserved 1056768K
  class space    used 857K, capacity 961K, committed 1024K, reserved 1048576K
}
Event: 5.874 GC heap before
{Heap before GC invocations=9 (full 2):
 PSYoungGen      total 708608K, used 648960K [0x0000000717300000, 0x0000000760100000, 0x00000007c0000000)
  eden space 429568K, 100% used [0x0000000717300000,0x0000000731680000,0x0000000731680000)
  from space 279040K, 78% used [0x0000000744300000,0x0000000751940000,0x0000000755380000)
  to   space 307712K, 0% used [0x0000000731680000,0x0000000731680000,0x0000000744300000)
 ParOldGen       total 1150464K, used 552754K [0x00000005c5800000, 0x000000060bb80000, 0x0000000717300000)
  object space 1150464K, 48% used [0x00000005c5800000,0x00000005e73cc9b0,0x000000060bb80000)
 Metaspace       used 7796K, capacity 8110K, committed 8192K, reserved 1056768K
  class space    used 857K, capacity 961K, committed 1024K, reserved 1048576K
Event: 6.179 GC heap after
Heap after GC invocations=9 (full 2):
 PSYoungGen      total 737280K, used 307680K [0x0000000717300000, 0x0000000774e00000, 0x00000007c0000000)
  eden space 429568K, 0% used [0x0000000717300000,0x0000000717300000,0x0000000731680000)
  from space 307712K, 99% used [0x0000000731680000,0x00000007442f8030,0x0000000744300000)
  to   space 480256K, 0% used [0x0000000757900000,0x0000000757900000,0x0000000774e00000)
 ParOldGen       total 1150464K, used 776106K [0x00000005c5800000, 0x000000060bb80000, 0x0000000717300000)
  object space 1150464K, 67% used [0x00000005c5800000,0x00000005f4dea9b0,0x000000060bb80000)
 Metaspace       used 7796K, capacity 8110K, committed 8192K, reserved 1056768K
  class space    used 857K, capacity 961K, committed 1024K, reserved 1048576K
}
Event: 6.891 GC heap before
{Heap before GC invocations=10 (full 2):
 PSYoungGen      total 737280K, used 737248K [0x0000000717300000, 0x0000000774e00000, 0x00000007c0000000)
  eden space 429568K, 100% used [0x0000000717300000,0x0000000731680000,0x0000000731680000)
  from space 307712K, 99% used [0x0000000731680000,0x00000007442f8030,0x0000000744300000)
  to   space 480256K, 0% used [0x0000000757900000,0x0000000757900000,0x0000000774e00000)
 ParOldGen       total 1150464K, used 776106K [0x00000005c5800000, 0x000000060bb80000, 0x0000000717300000)
  object space 1150464K, 67% used [0x00000005c5800000,0x00000005f4dea9b0,0x000000060bb80000)
 Metaspace       used 7796K, capacity 8110K, committed 8192K, reserved 1056768K
  class space    used 857K, capacity 961K, committed 1024K, reserved 1048576K
Event: 7.137 GC heap after
Heap after GC invocations=10 (full 2):
 PSYoungGen      total 949760K, used 480224K [0x0000000717300000, 0x0000000781e80000, 0x00000007c0000000)
  eden space 469504K, 0% used [0x0000000717300000,0x0000000717300000,0x0000000733d80000)
  from space 480256K, 99% used [0x0000000757900000,0x0000000774df8030,0x0000000774e00000)
  to   space 585216K, 0% used [0x0000000733d80000,0x0000000733d80000,0x0000000757900000)
 ParOldGen       total 1150464K, used 809162K [0x00000005c5800000, 0x000000060bb80000, 0x0000000717300000)
  object space 1150464K, 70% used [0x00000005c5800000,0x00000005f6e329b0,0x000000060bb80000)
 Metaspace       used 7796K, capacity 8110K, committed 8192K, reserved 1056768K
  class space    used 857K, capacity 961K, committed 1024K, reserved 1048576K
}
Event: 9.530 GC heap before
{Heap before GC invocations=11 (full 2):
 PSYoungGen      total 949760K, used 883328K [0x0000000717300000, 0x0000000781e80000, 0x00000007c0000000)
  eden space 469504K, 85% used [0x0000000717300000,0x000000072fca8098,0x0000000733d80000)
  from space 480256K, 99% used [0x0000000757900000,0x0000000774df8030,0x0000000774e00000)
  to   space 585216K, 0% used [0x0000000733d80000,0x0000000733d80000,0x0000000757900000)
 ParOldGen       total 1150464K, used 809162K [0x00000005c5800000, 0x000000060bb80000, 0x0000000717300000)
  object space 1150464K, 70% used [0x00000005c5800000,0x00000005f6e329b0,0x000000060bb80000)
 Metaspace       used 7879K, capacity 8140K, committed 8448K, reserved 1056768K
  class space    used 863K, capacity 966K, committed 1024K, reserved 1048576K
Event: 9.801 GC heap after
Heap after GC invocations=11 (full 2):
 PSYoungGen      total 1054720K, used 585206K [0x0000000717300000, 0x0000000799180000, 0x00000007c0000000)
  eden space 469504K, 0% used [0x0000000717300000,0x0000000717300000,0x0000000733d80000)
  from space 585216K, 99% used [0x0000000733d80000,0x00000007578fd9c0,0x0000000757900000)
  to   space 785408K, 0% used [0x0000000769280000,0x0000000769280000,0x0000000799180000)
 ParOldGen       total 1150464K, used 1047727K [0x00000005c5800000, 0x000000060bb80000, 0x0000000717300000)
  object space 1150464K, 91% used [0x00000005c5800000,0x000000060572bfb8,0x000000060bb80000)
 Metaspace       used 7879K, capacity 8140K, committed 8448K, reserved 1056768K
  class space    used 863K, capacity 966K, committed 1024K, reserved 1048576K
}
Event: 9.801 GC heap before
{Heap before GC invocations=12 (full 3):
 PSYoungGen      total 1054720K, used 585206K [0x0000000717300000, 0x0000000799180000, 0x00000007c0000000)
  eden space 469504K, 0% used [0x0000000717300000,0x0000000717300000,0x0000000733d80000)
  from space 585216K, 99% used [0x0000000733d80000,0x00000007578fd9c0,0x0000000757900000)
  to   space 785408K, 0% used [0x0000000769280000,0x0000000769280000,0x0000000799180000)
 ParOldGen       total 1150464K, used 1047727K [0x00000005c5800000, 0x000000060bb80000, 0x0000000717300000)
  object space 1150464K, 91% used [0x00000005c5800000,0x000000060572bfb8,0x000000060bb80000)
 Metaspace       used 7879K, capacity 8140K, committed 8448K, reserved 1056768K
  class space    used 863K, capacity 966K, committed 1024K, reserved 1048576K
Event: 14.092 GC heap after
Heap after GC invocations=12 (full 3):
 PSYoungGen      total 1054720K, used 434523K [0x0000000717300000, 0x0000000799180000, 0x00000007c0000000)
  eden space 469504K, 0% used [0x0000000717300000,0x0000000717300000,0x0000000733d80000)
  from space 585216K, 74% used [0x0000000733d80000,0x000000074e5d6f90,0x0000000757900000)
  to   space 785408K, 0% used [0x0000000769280000,0x0000000769280000,0x0000000799180000)
 ParOldGen       total 1907200K, used 1094957K [0x00000005c5800000, 0x0000000639e80000, 0x0000000717300000)
  object space 1907200K, 57% used [0x00000005c5800000,0x000000060854b6c0,0x0000000639e80000)
 Metaspace       used 7879K, capacity 8140K, committed 8448K, reserved 1056768K
  class space    used 863K, capacity 966K, committed 1024K, reserved 1048576K
}
Event: 14.950 GC heap before
{Heap before GC invocations=13 (full 3):
 PSYoungGen      total 1054720K, used 904027K [0x0000000717300000, 0x0000000799180000, 0x00000007c0000000)
  eden space 469504K, 100% used [0x0000000717300000,0x0000000733d80000,0x0000000733d80000)
  from space 585216K, 74% used [0x0000000733d80000,0x000000074e5d6f90,0x0000000757900000)
  to   space 785408K, 0% used [0x0000000769280000,0x0000000769280000,0x0000000799180000)
 ParOldGen       total 1907200K, used 1094957K [0x00000005c5800000, 0x0000000639e80000, 0x0000000717300000)
  object space 1907200K, 57% used [0x00000005c5800000,0x000000060854b6c0,0x0000000639e80000)
 Metaspace       used 7879K, capacity 8140K, committed 8448K, reserved 1056768K
  class space    used 863K, capacity 966K, committed 1024K, reserved 1048576K

